2025-10-20 13:09:04,264 INFO: State changed to: IDLE
2025-10-20 13:10:37,235 INFO: State changed to: RUN
2025-10-20 13:10:37,236 INFO: Start button pressed
2025-10-20 13:16:13,610 INFO: Start button pressed
2025-10-20 13:20:23,685 INFO: Start button pressed
2025-10-20 13:23:04,726 INFO: Start button pressed
2025-10-20 13:40:44,691 INFO: State changed to: IDLE
2025-10-20 13:42:57,289 INFO: State changed to: RUN
2025-10-20 13:42:57,290 INFO: Start button pressed
2025-10-20 13:45:14,324 INFO: Start button pressed
2025-10-20 13:48:54,606 INFO: State changed to: IDLE
2025-10-20 13:49:25,609 ERROR: DAQ Error: Not recording
2025-10-20 13:51:49,556 INFO: State changed to: IDLE
2025-10-20 13:54:00,345 INFO: State changed to: RUN
2025-10-20 13:54:00,347 INFO: Start button pressed
2025-10-20 13:54:00,550 INFO: Start button pressed
2025-10-20 13:54:00,954 INFO: Start button pressed
2025-10-20 14:43:19,709 INFO: State changed to: IDLE
2025-10-20 14:44:53,097 INFO: State changed to: RUN
2025-10-20 14:44:53,097 INFO: Start button pressed
2025-10-20 14:44:53,272 INFO: Start button pressed
2025-10-20 14:44:53,457 INFO: Start button pressed
2025-10-20 14:44:53,707 INFO: Start button pressed
2025-10-20 14:44:54,111 INFO: Start button pressed
2025-10-20 14:59:33,593 INFO: State changed to: IDLE
2025-10-20 14:59:34,125 INFO: State changed to: RUN
2025-10-20 14:59:34,126 INFO: Start button pressed
2025-10-20 15:03:01,280 INFO: State changed to: IDLE
2025-10-20 15:05:33,400 INFO: State changed to: IDLE
2025-10-20 15:07:38,640 INFO: State changed to: RUN
2025-10-20 15:07:38,641 INFO: Start button pressed
2025-10-20 15:07:39,458 INFO: Start button pressed
2025-10-20 15:11:35,182 INFO: State changed to: IDLE
2025-10-20 15:12:29,627 INFO: State changed to: RUN
2025-10-20 15:12:29,627 INFO: Start button pressed
2025-10-20 15:12:29,824 INFO: Start button pressed
2025-10-20 15:12:30,045 INFO: Start button pressed
2025-10-20 15:20:33,139 INFO: State changed to: IDLE
2025-10-26 09:11:20,495 INFO: State changed to: IDLE
2025-10-26 09:12:19,287 INFO: State changed to: RUN
2025-10-26 09:12:19,287 INFO: Start button pressed
2025-10-26 09:27:19,385 INFO: State changed to: SLEEP
2025-10-26 10:39:25,793 INFO: State changed to: RUN
2025-10-26 10:39:25,793 INFO: Start button pressed
2025-10-26 10:39:25,995 INFO: Start button pressed
2025-10-26 10:39:26,197 INFO: Start button pressed
2025-10-26 10:39:26,600 INFO: Start button pressed
2025-10-26 10:39:26,802 INFO: Start button pressed
2025-10-26 10:39:27,005 INFO: Start button pressed
2025-10-26 10:39:27,396 INFO: Start button pressed
2025-10-26 10:39:27,598 INFO: Start button pressed
2025-10-26 10:44:20,507 INFO: Start button pressed
2025-10-26 10:45:57,753 INFO: Start button pressed
2025-10-26 10:59:24,298 INFO: Start button pressed
2025-10-26 10:59:24,683 INFO: Start button pressed
2025-10-26 10:59:25,322 INFO: Start button pressed
2025-10-26 10:59:25,916 INFO: Start button pressed
2025-10-26 10:59:26,123 INFO: Start button pressed
2025-10-26 11:02:07,868 INFO: Start button pressed
2025-10-26 11:02:08,664 INFO: Start button pressed
2025-10-26 11:02:08,867 INFO: Start button pressed
2025-10-26 11:02:09,061 INFO: Start button pressed
2025-10-26 11:02:09,696 INFO: Start button pressed
2025-10-26 11:03:18,103 INFO: Start button pressed
2025-10-26 11:18:18,265 INFO: State changed to: SLEEP
2025-10-26 11:23:28,374 INFO: State changed to: RUN
2025-10-26 11:23:28,374 INFO: Start button pressed
2025-10-26 11:38:28,493 INFO: State changed to: SLEEP
2025-10-26 11:43:44,806 INFO: State changed to: RUN
2025-10-26 11:43:44,807 INFO: Start button pressed
2025-10-26 11:43:46,421 INFO: Start button pressed
2025-10-26 11:43:46,625 INFO: Start button pressed
2025-10-27 10:19:30,113 INFO: State changed to: IDLE
2025-10-27 10:31:35,111 INFO: State changed to: SLEEP
2025-10-27 10:39:40,829 INFO: State changed to: RUN
2025-10-27 10:39:40,829 INFO: Start button pressed
2025-10-27 10:39:41,069 INFO: Start button pressed
2025-10-27 10:54:41,215 INFO: State changed to: SLEEP
2025-10-27 11:00:32,294 INFO: State changed to: RUN
2025-10-27 11:00:32,294 INFO: Start button pressed
2025-10-27 11:00:33,245 INFO: Start button pressed
2025-10-27 11:15:33,507 INFO: State changed to: SLEEP
2025-10-27 11:20:46,128 INFO: State changed to: RUN
2025-10-27 11:20:46,128 INFO: Start button pressed
2025-10-27 11:20:46,408 INFO: Start button pressed
2025-10-27 11:20:46,595 INFO: Start button pressed
2025-10-27 11:20:47,430 INFO: Start button pressed
2025-10-27 11:25:22,775 INFO: Start button pressed
2025-10-27 11:28:51,015 INFO: Start button pressed
2025-10-27 11:28:51,830 INFO: Start button pressed
2025-10-27 11:28:52,032 INFO: Start button pressed
2025-10-27 11:43:52,177 INFO: State changed to: SLEEP
2025-10-27 11:52:05,307 INFO: State changed to: RUN
2025-10-27 11:52:05,308 INFO: Start button pressed
2025-10-27 15:27:35,868 INFO: State changed to: IDLE
2025-10-27 15:31:03,885 INFO: State changed to: RUN
2025-10-27 15:31:03,885 INFO: Start button pressed
2025-10-27 15:31:04,247 INFO: Start button pressed
2025-10-27 15:31:04,901 INFO: Start button pressed
2025-10-27 15:34:34,538 INFO: Start button pressed
2025-10-27 15:47:40,381 INFO: Start button pressed
2025-10-27 15:47:40,666 INFO: Start button pressed
2025-10-27 15:47:40,914 INFO: Start button pressed
2025-10-27 15:54:28,681 INFO: Start button pressed
2025-10-27 15:54:29,343 INFO: Start button pressed
2025-10-27 15:54:29,579 INFO: Start button pressed
2025-10-27 15:57:41,513 INFO: Start button pressed
2025-10-27 15:57:41,731 INFO: Start button pressed
2025-10-27 15:57:42,263 INFO: Start button pressed
